[debug] ----------------------------------------------------------------------
[debug] Command:      D:\nodejs\node.exe C:\Users\remiel\AppData\Roaming\npm\node_modules\firebase-tools\bin\firebase deploy
[debug] CLI Version:  3.0.8
[debug] Platform:     win32
[debug] Node Version: v4.5.0
[debug] Time:         Tue Oct 25 2016 21:34:21 GMT+0900 (대한민국 표준시)
[debug] ----------------------------------------------------------------------
[debug] 
[debug] > command requires scopes: ["email","openid","https://www.googleapis.com/auth/cloudplatformprojects.readonly","https://www.googleapis.com/auth/firebase"]
[debug] > refreshing access token with scopes: ["email","https://www.googleapis.com/auth/cloudplatformprojects.readonly","https://www.googleapis.com/auth/firebase","openid"]
[debug] >>> HTTP REQUEST POST https://www.googleapis.com/oauth2/v3/token
[debug] <<< HTTP RESPONSE 200
[debug] >>> HTTP REQUEST GET https://admin.firebase.com/v1/projects/portfolio-15455 
[debug] <<< HTTP RESPONSE 200
[debug] >>> HTTP REQUEST GET https://admin.firebase.com/v1/database/portfolio-15455/tokens 
[debug] <<< HTTP RESPONSE 200
[info] 
[info] === Deploying to 'portfolio-15455'...
[info] 
[info] i  deploying database, hosting
[info] +  database: rules ready to deploy.
[info] i  hosting: preparing public directory for upload...
[debug] ----------------------------------------------------------------------
[debug] Command:      D:\nodejs\node.exe C:\Users\remiel\AppData\Roaming\npm\node_modules\firebase-tools\bin\firebase deploy
[debug] CLI Version:  3.0.8
[debug] Platform:     win32
[debug] Node Version: v4.5.0
[debug] Time:         Wed Oct 26 2016 01:06:25 GMT+0900 (대한민국 표준시)
[debug] ----------------------------------------------------------------------
[debug] 
[debug] > command requires scopes: ["email","openid","https://www.googleapis.com/auth/cloudplatformprojects.readonly","https://www.googleapis.com/auth/firebase"]
[debug] > refreshing access token with scopes: ["email","https://www.googleapis.com/auth/cloudplatformprojects.readonly","https://www.googleapis.com/auth/firebase","openid"]
[debug] >>> HTTP REQUEST POST https://www.googleapis.com/oauth2/v3/token
[debug] <<< HTTP RESPONSE 200
[debug] >>> HTTP REQUEST GET https://admin.firebase.com/v1/projects/portfolio-15455 
[debug] <<< HTTP RESPONSE 200
[debug] >>> HTTP REQUEST GET https://admin.firebase.com/v1/database/portfolio-15455/tokens 
[debug] <<< HTTP RESPONSE 200
[info] 
[info] === Deploying to 'portfolio-15455'...
[info] 
[info] i  deploying database, hosting
[info] +  database: rules ready to deploy.
[info] i  hosting: preparing public directory for upload...
[debug] >>> HTTP REQUEST PUT https://deploy.firebase.com/v1/hosting/portfolio-15455/uploads/-KUw_zF1-y4NIPTHEp38?fileCount=4440&message= 
